<?xml version="1.0" encoding="UTF-8" ?>
<testsuite tests="0" failures="0" name="artifactory.test.AppTest" time="0" errors="0" skipped="0">
  <properties>
    <property name="java.runtime.name" value="Java(TM) SE Runtime Environment"/>
    <property name="sun.boot.library.path" value="/usr/local/jdk1.8.0_131/jre/lib/i386"/>
    <property name="java.vm.version" value="25.131-b11"/>
    <property name="java.vm.vendor" value="Oracle Corporation"/>
    <property name="maven.multiModuleProjectDirectory" value="/root/.jenkins/workspace/hygieia-demo-jobs/hygieia-maven-project"/>
    <property name="java.vendor.url" value="http://java.oracle.com/"/>
    <property name="path.separator" value=":"/>
    <property name="guice.disable.misplaced.annotation.check" value="true"/>
    <property name="java.vm.name" value="Java HotSpot(TM) Server VM"/>
    <property name="file.encoding.pkg" value="sun.io"/>
    <property name="user.country" value="US"/>
    <property name="sun.java.launcher" value="SUN_STANDARD"/>
    <property name="sun.os.patch.level" value="unknown"/>
    <property name="java.vm.specification.name" value="Java Virtual Machine Specification"/>
    <property name="user.dir" value="/root/.jenkins/workspace/hygieia-demo-jobs/hygieia-maven-project"/>
    <property name="java.runtime.version" value="1.8.0_131-b11"/>
    <property name="java.awt.graphicsenv" value="sun.awt.X11GraphicsEnvironment"/>
    <property name="java.endorsed.dirs" value="/usr/local/jdk1.8.0_131/jre/lib/endorsed"/>
    <property name="os.arch" value="i386"/>
    <property name="java.io.tmpdir" value="/tmp"/>
    <property name="line.separator" value="
"/>
    <property name="java.vm.specification.vendor" value="Oracle Corporation"/>
    <property name="os.name" value="Linux"/>
    <property name="classworlds.conf" value="/root/.jenkins/workspace/hygieia-demo-jobs/hygieia-maven-project@tmp/artifactory/classworlds4967416689708082356conf"/>
    <property name="sun.jnu.encoding" value="ANSI_X3.4-1968"/>
    <property name="java.library.path" value="/usr/java/packages/lib/i386:/lib:/usr/lib"/>
    <property name="maven.conf" value="/root/apache-maven-3.3.9/conf"/>
    <property name="java.specification.name" value="Java Platform API Specification"/>
    <property name="java.class.version" value="52.0"/>
    <property name="sun.management.compiler" value="HotSpot Tiered Compilers"/>
    <property name="os.version" value="3.10.0-862.11.6.el7.x86_64"/>
    <property name="user.home" value="/root"/>
    <property name="user.timezone" value="Asia/Shanghai"/>
    <property name="java.awt.printerjob" value="sun.print.PSPrinterJob"/>
    <property name="java.specification.version" value="1.8"/>
    <property name="file.encoding" value="ANSI_X3.4-1968"/>
    <property name="buildInfoConfig.artifactoryResolutionEnabled" value="true"/>
    <property name="buildInfoConfig.propertiesFile" value="/root/.jenkins/workspace/hygieia-demo-jobs/hygieia-maven-project@tmp/artifactory/buildInfo7682543817337963445.properties"/>
    <property name="user.name" value="root"/>
    <property name="java.class.path" value="/root/apache-maven-3.3.9/boot/plexus-classworlds-2.5.2.jar"/>
    <property name="java.vm.specification.version" value="1.8"/>
    <property name="sun.arch.data.model" value="32"/>
    <property name="java.home" value="/usr/local/jdk1.8.0_131/jre"/>
    <property name="sun.java.command" value="org.codehaus.plexus.classworlds.launcher.Launcher -f ./pom.xml clean install"/>
    <property name="java.specification.vendor" value="Oracle Corporation"/>
    <property name="user.language" value="en"/>
    <property name="awt.toolkit" value="sun.awt.X11.XToolkit"/>
    <property name="java.vm.info" value="mixed mode"/>
    <property name="java.version" value="1.8.0_131"/>
    <property name="java.ext.dirs" value="/usr/local/jdk1.8.0_131/jre/lib/ext:/usr/java/packages/lib/ext"/>
    <property name="securerandom.source" value="file:/dev/./urandom"/>
    <property name="sun.boot.class.path" value="/usr/local/jdk1.8.0_131/jre/lib/resources.jar:/usr/local/jdk1.8.0_131/jre/lib/rt.jar:/usr/local/jdk1.8.0_131/jre/lib/sunrsasign.jar:/usr/local/jdk1.8.0_131/jre/lib/jsse.jar:/usr/local/jdk1.8.0_131/jre/lib/jce.jar:/usr/local/jdk1.8.0_131/jre/lib/charsets.jar:/usr/local/jdk1.8.0_131/jre/lib/jfr.jar:/usr/local/jdk1.8.0_131/jre/classes"/>
    <property name="java.vendor" value="Oracle Corporation"/>
    <property name="maven.home" value="/root/apache-maven-3.3.9"/>
    <property name="m3plugin.lib" value="/root/.jenkins/workspace/hygieia-demo-jobs/hygieia-maven-project@tmp/artifactory/cache/artifactory-plugin/3.2.3"/>
    <property name="file.separator" value="/"/>
    <property name="java.vendor.url.bug" value="http://bugreport.sun.com/bugreport/"/>
    <property name="sun.cpu.endian" value="little"/>
    <property name="sun.io.unicode.encoding" value="UnicodeLittle"/>
    <property name="sun.cpu.isalist" value=""/>
  </properties>
</testsuite>